[Licensing::Module] Trying to connect to existing licensing client channel...
[Licensing::IpcConnector] Successfully connected to the License Client on channel: "LicenseClient-Firdi"
[Licensing::Client] Error: Code 10 while verifying Licensing Client signature (process Id: 4164, path: "D:/App/Unity/UnityHub/Unity Hub/UnityLicensingClient_V1/Unity.Licensing.Client.exe")
[Licensing::Module] Error: LicensingClient has failed validation; ignoring
[Licensing::Client] Error: HandshakeResponse reported an error:
	ResponseCode: 505
	ResponseStatus: Unsupported protocol version '1.12'. Current supported versions are: 1.0,1.1,1.2,1.3,1.4,1.4.1,1.5,1.6,1.7,1.8,1.9
[Licensing::Module] Error: Failed to handshake to channel: "LicenseClient-Firdi"
[Licensing::IpcConnector] License Client channel disconnected successfully.
[Licensing::IpcConnector] Connection attempt to the License Client on channel: "LicenseClient-Firdi-2022.3.2" failed because channel doesn't exist; code: "0x80000002"
[Licensing::Module] Successfully launched the LicensingClient (PId: 9504)
[Licensing::IpcConnector] Successfully connected to the License Client on channel: "LicenseClient-Firdi-2022.3.2"
[Licensing::Client] Handshaking with LicensingClient:
  Version:                 1.12.1+9338cad
  Session Id:              384bed08bc0e4319992e15c1b18933ad
  Correlation Id:          2d7a20c198960aa66f99fb9df2d309c3
  External correlation Id: 5095724267220213439
  Machine Id:              lxhzOE1JVd/u9gWFHtfEI9IE4Yo=
[Licensing::Module] Successfully connected to LicensingClient on channel: "LicenseClient-Firdi-2022.3.2" (connect: 0.56s, validation: 0.04s, handshake: 0.69s)
[Licensing::IpcConnector] Successfully connected to the License Notification on channel: "LicenseClient-Firdi-2022.3.2-notifications"
[Licensing::Module] Connected to LicensingClient (PId: 9504, launch time: 0.00, total connection time: 1.28s)
[Licensing::Module] Error: Access token is unavailable; failed to update
[Licensing::Client] Successfully updated license
Built from '2022.3/staging' branch; Version is '2022.3.2f1 (d74737c6db50) revision 14108471'; Using compiler version '192829333'; Build Type 'Release'
OS: 'Windows 11  (10.0.22621) 64bit CoreSingleLanguage' Language: 'en' Physical Memory: 15724 MB
[Licensing::Client] Successfully resolved entitlements
[Licensing::Module] Serial number assigned to: "F4-BM9C-5N3C-6B8B-Y274-XXXX"
BatchMode: 1, IsHumanControllingUs: 0, StartBugReporterOnCrash: 0, Is64bit: 1, IsPro: 0

COMMAND LINE ARGUMENTS:
D:\App\Unity\UnityEditor\2022.3.2f1\Editor\Unity.exe
-quit
-executeMethod
BuildAutomation.BuildHelper.PerformBuild
-buildPreset
BA_BuildPreset_2
-projectPath
.
-logFile
Output.log
-batchmode
Successfully changed project path to: D:/Work/Myself/github-ba-test/try-unity-ba-github
D:/Work/Myself/github-ba-test/try-unity-ba-github
[UnityMemory] Configuration Parameters - Can be set up in boot.config
    "memorysetup-bucket-allocator-granularity=16"
    "memorysetup-bucket-allocator-bucket-count=8"
    "memorysetup-bucket-allocator-block-size=33554432"
    "memorysetup-bucket-allocator-block-count=8"
    "memorysetup-main-allocator-block-size=16777216"
    "memorysetup-thread-allocator-block-size=16777216"
    "memorysetup-gfx-main-allocator-block-size=16777216"
    "memorysetup-gfx-thread-allocator-block-size=16777216"
    "memorysetup-cache-allocator-block-size=4194304"
    "memorysetup-typetree-allocator-block-size=2097152"
    "memorysetup-profiler-bucket-allocator-granularity=16"
    "memorysetup-profiler-bucket-allocator-bucket-count=8"
    "memorysetup-profiler-bucket-allocator-block-size=33554432"
    "memorysetup-profiler-bucket-allocator-block-count=8"
    "memorysetup-profiler-allocator-block-size=16777216"
    "memorysetup-profiler-editor-allocator-block-size=1048576"
    "memorysetup-temp-allocator-size-main=16777216"
    "memorysetup-job-temp-allocator-block-size=2097152"
    "memorysetup-job-temp-allocator-block-size-background=1048576"
    "memorysetup-job-temp-allocator-reduction-small-platforms=262144"
    "memorysetup-allocator-temp-initial-block-size-main=262144"
    "memorysetup-allocator-temp-initial-block-size-worker=262144"
    "memorysetup-temp-allocator-size-background-worker=32768"
    "memorysetup-temp-allocator-size-job-worker=262144"
    "memorysetup-temp-allocator-size-preload-manager=33554432"
    "memorysetup-temp-allocator-size-nav-mesh-worker=65536"
    "memorysetup-temp-allocator-size-audio-worker=65536"
    "memorysetup-temp-allocator-size-cloud-worker=32768"
    "memorysetup-temp-allocator-size-gi-baking-worker=262144"
    "memorysetup-temp-allocator-size-gfx=262144"
Player connection [26356] Host "[IP] 172.17.96.1 [Port] 55496 [Flags] 2 [Guid] 2915202632 [EditorId] 2915202632 [Version] 1048832 [Id] WindowsEditor(7,Naava) [Debug] 1 [PackageName] WindowsEditor [ProjectName] Editor" joined multi-casting on [225.0.0.222:54997]...

Player connection [26356] Host "[IP] 172.17.96.1 [Port] 55496 [Flags] 2 [Guid] 2915202632 [EditorId] 2915202632 [Version] 1048832 [Id] WindowsEditor(7,Naava) [Debug] 1 [PackageName] WindowsEditor [ProjectName] Editor" joined alternative multi-casting on [225.0.0.222:34997]...

[Package Manager] UpmClient::Connect -- Connected to IPC stream "Upm-348" after 0.4 seconds.
[Licensing::Client] Successfully resolved entitlements
[Package Manager] Restoring resolved packages state from cache
[Licensing::Client] Successfully resolved entitlement details
[Package Manager] Registered 51 packages:
  Packages from [https://packages.unity.com]:
    com.unity.ai.navigation@1.1.3 (location: D:\Work\Myself\github-ba-test\try-unity-ba-github\Library\PackageCache\com.unity.ai.navigation@1.1.3)
    com.unity.collab-proxy@2.0.4 (location: D:\Work\Myself\github-ba-test\try-unity-ba-github\Library\PackageCache\com.unity.collab-proxy@2.0.4)
    com.unity.ide.rider@3.0.21 (location: D:\Work\Myself\github-ba-test\try-unity-ba-github\Library\PackageCache\com.unity.ide.rider@3.0.21)
    com.unity.ide.visualstudio@2.0.18 (location: D:\Work\Myself\github-ba-test\try-unity-ba-github\Library\PackageCache\com.unity.ide.visualstudio@2.0.18)
    com.unity.ide.vscode@1.2.5 (location: D:\Work\Myself\github-ba-test\try-unity-ba-github\Library\PackageCache\com.unity.ide.vscode@1.2.5)
    com.unity.test-framework@1.1.33 (location: D:\Work\Myself\github-ba-test\try-unity-ba-github\Library\PackageCache\com.unity.test-framework@1.1.33)
    com.unity.textmeshpro@3.0.6 (location: D:\Work\Myself\github-ba-test\try-unity-ba-github\Library\PackageCache\com.unity.textmeshpro@3.0.6)
    com.unity.timeline@1.7.4 (location: D:\Work\Myself\github-ba-test\try-unity-ba-github\Library\PackageCache\com.unity.timeline@1.7.4)
    com.unity.toolchain.win-x86_64-linux-x86_64@2.0.6 (location: D:\Work\Myself\github-ba-test\try-unity-ba-github\Library\PackageCache\com.unity.toolchain.win-x86_64-linux-x86_64@2.0.6)
    com.unity.visualscripting@1.8.0 (location: D:\Work\Myself\github-ba-test\try-unity-ba-github\Library\PackageCache\com.unity.visualscripting@1.8.0)
    com.unity.sysroot@2.0.7 (location: D:\Work\Myself\github-ba-test\try-unity-ba-github\Library\PackageCache\com.unity.sysroot@2.0.7)
    com.unity.sysroot.linux-x86_64@2.0.6 (location: D:\Work\Myself\github-ba-test\try-unity-ba-github\Library\PackageCache\com.unity.sysroot.linux-x86_64@2.0.6)
    com.unity.ext.nunit@1.0.6 (location: D:\Work\Myself\github-ba-test\try-unity-ba-github\Library\PackageCache\com.unity.ext.nunit@1.0.6)
    com.unity.editorcoroutines@1.0.0 (location: D:\Work\Myself\github-ba-test\try-unity-ba-github\Library\PackageCache\com.unity.editorcoroutines@1.0.0)
    com.unity.performance.profile-analyzer@1.2.2 (location: D:\Work\Myself\github-ba-test\try-unity-ba-github\Library\PackageCache\com.unity.performance.profile-analyzer@1.2.2)
    com.unity.testtools.codecoverage@1.2.4 (location: D:\Work\Myself\github-ba-test\try-unity-ba-github\Library\PackageCache\com.unity.testtools.codecoverage@1.2.4)
    com.unity.settings-manager@2.0.1 (location: D:\Work\Myself\github-ba-test\try-unity-ba-github\Library\PackageCache\com.unity.settings-manager@2.0.1)
  Built-in packages:
    com.unity.feature.development@1.0.1 (location: D:\Work\Myself\github-ba-test\try-unity-ba-github\Library\PackageCache\com.unity.feature.development@1.0.1)
    com.unity.ugui@1.0.0 (location: D:\Work\Myself\github-ba-test\try-unity-ba-github\Library\PackageCache\com.unity.ugui@1.0.0)
    com.unity.modules.ai@1.0.0 (location: D:\Work\Myself\github-ba-test\try-unity-ba-github\Library\PackageCache\com.unity.modules.ai@1.0.0)
    com.unity.modules.androidjni@1.0.0 (location: D:\Work\Myself\github-ba-test\try-unity-ba-github\Library\PackageCache\com.unity.modules.androidjni@1.0.0)
    com.unity.modules.animation@1.0.0 (location: D:\Work\Myself\github-ba-test\try-unity-ba-github\Library\PackageCache\com.unity.modules.animation@1.0.0)
    com.unity.modules.assetbundle@1.0.0 (location: D:\Work\Myself\github-ba-test\try-unity-ba-github\Library\PackageCache\com.unity.modules.assetbundle@1.0.0)
    com.unity.modules.audio@1.0.0 (location: D:\Work\Myself\github-ba-test\try-unity-ba-github\Library\PackageCache\com.unity.modules.audio@1.0.0)
    com.unity.modules.cloth@1.0.0 (location: D:\Work\Myself\github-ba-test\try-unity-ba-github\Library\PackageCache\com.unity.modules.cloth@1.0.0)
    com.unity.modules.director@1.0.0 (location: D:\Work\Myself\github-ba-test\try-unity-ba-github\Library\PackageCache\com.unity.modules.director@1.0.0)
    com.unity.modules.imageconversion@1.0.0 (location: D:\Work\Myself\github-ba-test\try-unity-ba-github\Library\PackageCache\com.unity.modules.imageconversion@1.0.0)
    com.unity.modules.imgui@1.0.0 (location: D:\Work\Myself\github-ba-test\try-unity-ba-github\Library\PackageCache\com.unity.modules.imgui@1.0.0)
    com.unity.modules.jsonserialize@1.0.0 (location: D:\Work\Myself\github-ba-test\try-unity-ba-github\Library\PackageCache\com.unity.modules.jsonserialize@1.0.0)
    com.unity.modules.particlesystem@1.0.0 (location: D:\Work\Myself\github-ba-test\try-unity-ba-github\Library\PackageCache\com.unity.modules.particlesystem@1.0.0)
    com.unity.modules.physics@1.0.0 (location: D:\Work\Myself\github-ba-test\try-unity-ba-github\Library\PackageCache\com.unity.modules.physics@1.0.0)
    com.unity.modules.physics2d@1.0.0 (location: D:\Work\Myself\github-ba-test\try-unity-ba-github\Library\PackageCache\com.unity.modules.physics2d@1.0.0)
    com.unity.modules.screencapture@1.0.0 (location: D:\Work\Myself\github-ba-test\try-unity-ba-github\Library\PackageCache\com.unity.modules.screencapture@1.0.0)
    com.unity.modules.terrain@1.0.0 (location: D:\Work\Myself\github-ba-test\try-unity-ba-github\Library\PackageCache\com.unity.modules.terrain@1.0.0)
    com.unity.modules.terrainphysics@1.0.0 (location: D:\Work\Myself\github-ba-test\try-unity-ba-github\Library\PackageCache\com.unity.modules.terrainphysics@1.0.0)
    com.unity.modules.tilemap@1.0.0 (location: D:\Work\Myself\github-ba-test\try-unity-ba-github\Library\PackageCache\com.unity.modules.tilemap@1.0.0)
    com.unity.modules.ui@1.0.0 (location: D:\Work\Myself\github-ba-test\try-unity-ba-github\Library\PackageCache\com.unity.modules.ui@1.0.0)
    com.unity.modules.uielements@1.0.0 (location: D:\Work\Myself\github-ba-test\try-unity-ba-github\Library\PackageCache\com.unity.modules.uielements@1.0.0)
    com.unity.modules.umbra@1.0.0 (location: D:\Work\Myself\github-ba-test\try-unity-ba-github\Library\PackageCache\com.unity.modules.umbra@1.0.0)
    com.unity.modules.unityanalytics@1.0.0 (location: D:\Work\Myself\github-ba-test\try-unity-ba-github\Library\PackageCache\com.unity.modules.unityanalytics@1.0.0)
    com.unity.modules.unitywebrequest@1.0.0 (location: D:\Work\Myself\github-ba-test\try-unity-ba-github\Library\PackageCache\com.unity.modules.unitywebrequest@1.0.0)
    com.unity.modules.unitywebrequestassetbundle@1.0.0 (location: D:\Work\Myself\github-ba-test\try-unity-ba-github\Library\PackageCache\com.unity.modules.unitywebrequestassetbundle@1.0.0)
    com.unity.modules.unitywebrequestaudio@1.0.0 (location: D:\Work\Myself\github-ba-test\try-unity-ba-github\Library\PackageCache\com.unity.modules.unitywebrequestaudio@1.0.0)
    com.unity.modules.unitywebrequesttexture@1.0.0 (location: D:\Work\Myself\github-ba-test\try-unity-ba-github\Library\PackageCache\com.unity.modules.unitywebrequesttexture@1.0.0)
    com.unity.modules.unitywebrequestwww@1.0.0 (location: D:\Work\Myself\github-ba-test\try-unity-ba-github\Library\PackageCache\com.unity.modules.unitywebrequestwww@1.0.0)
    com.unity.modules.vehicles@1.0.0 (location: D:\Work\Myself\github-ba-test\try-unity-ba-github\Library\PackageCache\com.unity.modules.vehicles@1.0.0)
    com.unity.modules.video@1.0.0 (location: D:\Work\Myself\github-ba-test\try-unity-ba-github\Library\PackageCache\com.unity.modules.video@1.0.0)
    com.unity.modules.vr@1.0.0 (location: D:\Work\Myself\github-ba-test\try-unity-ba-github\Library\PackageCache\com.unity.modules.vr@1.0.0)
    com.unity.modules.wind@1.0.0 (location: D:\Work\Myself\github-ba-test\try-unity-ba-github\Library\PackageCache\com.unity.modules.wind@1.0.0)
    com.unity.modules.xr@1.0.0 (location: D:\Work\Myself\github-ba-test\try-unity-ba-github\Library\PackageCache\com.unity.modules.xr@1.0.0)
    com.unity.modules.subsystems@1.0.0 (location: D:\Work\Myself\github-ba-test\try-unity-ba-github\Library\PackageCache\com.unity.modules.subsystems@1.0.0)
[Subsystems] No new subsystems found in resolved package list.
Package Manager log level set to [2]
[Package Manager] Done registering packages in 0.48 seconds
Refreshing native plugins compatible for Editor in 4.50 ms, found 3 plugins.
Preloading 0 native plugins for Editor in 0.00 ms.
Initialize engine version: 2022.3.2f1 (d74737c6db50)
[Subsystems] Discovering subsystems at path D:/App/Unity/UnityEditor/2022.3.2f1/Editor/Data/Resources/UnitySubsystems
[Subsystems] Discovering subsystems at path D:/Work/Myself/github-ba-test/try-unity-ba-github/Assets
GfxDevice: creating device client; threaded=0; jobified=0
Direct3D:
    Version:  Direct3D 11.0 [level 11.1]
    Renderer: NVIDIA GeForce RTX 3060 Laptop GPU (ID=0x2520)
    Vendor:   NVIDIA
    VRAM:     6023 MB
    Driver:   30.0.15.1274
[Licensing::Client] Successfully resolved entitlements
Initialize mono
Mono path[0] = 'D:/App/Unity/UnityEditor/2022.3.2f1/Editor/Data/Managed'
Mono path[1] = 'D:/App/Unity/UnityEditor/2022.3.2f1/Editor/Data/MonoBleedingEdge/lib/mono/unityjit-win32'
Mono config path = 'D:/App/Unity/UnityEditor/2022.3.2f1/Editor/Data/MonoBleedingEdge/etc'
Using monoOptions --debugger-agent=transport=dt_socket,embedding=1,server=y,suspend=n,address=127.0.0.1:56348
Using cacheserver namespaces - metadata:defaultmetadata, artifacts:defaultartifacts
Using cacheserver namespaces - metadata:defaultmetadata, artifacts:defaultartifacts
ImportWorker Server TCP listen port: 0
Begin MonoManager ReloadAssembly
Registering precompiled unity dll's ...
[Licensing::Client] Successfully resolved entitlements
Register platform support module: D:/App/Unity/UnityEditor/2022.3.2f1/Editor/Data/PlaybackEngines/AndroidPlayer/UnityEditor.Android.Extensions.dll
Register platform support module: D:/App/Unity/UnityEditor/2022.3.2f1/Editor/Data/PlaybackEngines/WindowsStandaloneSupport/UnityEditor.WindowsStandalone.Extensions.dll
Register platform support module: D:/App/Unity/UnityEditor/2022.3.2f1/Editor/Data/PlaybackEngines/LinuxStandaloneSupport/UnityEditor.LinuxStandalone.Extensions.dll
Registered in 0.015559 seconds.
- Loaded All Assemblies, in  0.266 seconds
Native extension for LinuxStandalone target not found
Native extension for WindowsStandalone target not found
Native extension for Android target not found
Android Extension - Scanning For ADB Devices 2235 ms
Mono: successfully reloaded assembly
- Finished resetting the current domain, in  2.545 seconds
Domain Reload Profiling: 2811ms
	BeginReloadAssembly (66ms)
		ExecutionOrderSort (0ms)
		DisableScriptedObjects (0ms)
		BackupInstance (0ms)
		ReleaseScriptingObjects (0ms)
		CreateAndSetChildDomain (1ms)
	RebuildCommonClasses (26ms)
	RebuildNativeTypeToScriptingClass (8ms)
	initialDomainReloadingComplete (56ms)
	LoadAllAssembliesAndSetupDomain (109ms)
		LoadAssemblies (65ms)
		RebuildTransferFunctionScriptingTraits (0ms)
		AnalyzeDomain (107ms)
			TypeCache.Refresh (106ms)
				TypeCache.ScanAssembly (97ms)
			ScanForSourceGeneratedMonoScriptInfo (0ms)
			ResolveRequiredComponents (0ms)
	FinalizeReload (2545ms)
		ReleaseScriptCaches (0ms)
		RebuildScriptCaches (0ms)
		SetupLoadedEditorAssemblies (2489ms)
			LogAssemblyErrors (0ms)
			InitializePlatformSupportModulesInManaged (2337ms)
			SetLoadedEditorAssemblies (4ms)
			RefreshPlugins (0ms)
			BeforeProcessingInitializeOnLoad (2ms)
			ProcessInitializeOnLoadAttributes (106ms)
			ProcessInitializeOnLoadMethodAttributes (40ms)
			AfterProcessingInitializeOnLoad (0ms)
			EditorAssembliesLoaded (0ms)
		ExecutionOrderSort2 (0ms)
		AwakeInstancesAfterBackupRestoration (0ms)
[Licensing::Client] Successfully resolved entitlements
Application.AssetDatabase Initial Refresh Start
[ScriptCompilation] Requested script compilation because: Assetdatabase observed changes in script compilation related files
info: Microsoft.Hosting.Lifetime[14]
      Now listening on: http://localhost:80
info: Microsoft.Hosting.Lifetime[0]
      Application started. Press Ctrl+C to shut down.
info: Microsoft.Hosting.Lifetime[0]
      Hosting environment: Production
info: Microsoft.Hosting.Lifetime[0]
      Content root path: D:\Work\Myself\github-ba-test\try-unity-ba-github\
info: Microsoft.AspNetCore.Hosting.Diagnostics[1]
      Request starting HTTP/2 POST http://ilpp/UnityILPP.PostProcessing/Ping application/grpc -
info: Microsoft.AspNetCore.Routing.EndpointMiddleware[0]
      Executing endpoint 'gRPC - /UnityILPP.PostProcessing/Ping'
info: Microsoft.AspNetCore.Routing.EndpointMiddleware[1]
      Executed endpoint 'gRPC - /UnityILPP.PostProcessing/Ping'
info: Microsoft.AspNetCore.Hosting.Diagnostics[2]
      Request finished HTTP/2 POST http://ilpp/UnityILPP.PostProcessing/Ping application/grpc - - 200 - application/grpc 34.0892ms
Starting: D:\App\Unity\UnityEditor\2022.3.2f1\Editor\Data\bee_backend.exe --dont-print-to-structured-log --ipc --defer-dag-verification --dagfile="Library/Bee/2400b0aEDbg.dag" --continue-on-failure --profile="Library/Bee/backend1.traceevents" ScriptAssemblies
WorkingDir: D:/Work/Myself/github-ba-test/try-unity-ba-github
DisplayProgressbar: Compiling Scripts
ExitCode: 0 Duration: 0s145ms
*** Tundra build success (0.12 seconds), 0 items updated, 427 evaluated
AssetDatabase: script compilation time: 0.596473s
Begin MonoManager ReloadAssembly
Total cache size 267293968
Total cache size after purge 267293968
Symbol file LoadedFromMemory doesn't match image D:\Work\Myself\github-ba-test\try-unity-ba-github\Library\PackageCache\com.unity.visualscripting@1.8.0\Editor\VisualScripting.Core\Dependencies\YamlDotNet\Unity.VisualScripting.YamlDotNet.dll
Symbol file LoadedFromMemory doesn't match image D:\Work\Myself\github-ba-test\try-unity-ba-github\Library\PackageCache\com.unity.visualscripting@1.8.0\Editor\VisualScripting.Core\Dependencies\DotNetZip\Unity.VisualScripting.IonicZip.dll
- Loaded All Assemblies, in  0.550 seconds
Refreshing native plugins compatible for Editor in 2.05 ms, found 3 plugins.
Preloading 0 native plugins for Editor in 0.00 ms.
Start importing Assets/BuildAutomation/SuperUnityBuild/BuildConstants.cs using Guid(b7931b604ce247f4880b1a48f614c996) Importer(-1,00000000000000000000000000000000)  -> (artifact id: '8b0bea2d514e477d8824431fc87cbb63') in 0.016559 seconds
Refreshing native plugins compatible for Editor in 1.54 ms, found 3 plugins.
Native extension for LinuxStandalone target not found
Native extension for WindowsStandalone target not found
Native extension for Android target not found
Mono: successfully reloaded assembly
- Finished resetting the current domain, in  0.618 seconds
Domain Reload Profiling: 1168ms
	BeginReloadAssembly (111ms)
		ExecutionOrderSort (0ms)
		DisableScriptedObjects (5ms)
		BackupInstance (0ms)
		ReleaseScriptingObjects (0ms)
		CreateAndSetChildDomain (22ms)
	RebuildCommonClasses (26ms)
	RebuildNativeTypeToScriptingClass (8ms)
	initialDomainReloadingComplete (23ms)
	LoadAllAssembliesAndSetupDomain (381ms)
		LoadAssemblies (218ms)
		RebuildTransferFunctionScriptingTraits (0ms)
		AnalyzeDomain (219ms)
			TypeCache.Refresh (204ms)
				TypeCache.ScanAssembly (194ms)
			ScanForSourceGeneratedMonoScriptInfo (12ms)
			ResolveRequiredComponents (3ms)
	FinalizeReload (619ms)
		ReleaseScriptCaches (0ms)
		RebuildScriptCaches (0ms)
		SetupLoadedEditorAssemblies (497ms)
			LogAssemblyErrors (0ms)
			InitializePlatformSupportModulesInManaged (28ms)
			SetLoadedEditorAssemblies (5ms)
			RefreshPlugins (0ms)
			BeforeProcessingInitializeOnLoad (74ms)
			ProcessInitializeOnLoadAttributes (366ms)
			ProcessInitializeOnLoadMethodAttributes (22ms)
			AfterProcessingInitializeOnLoad (2ms)
			EditorAssembliesLoaded (0ms)
		ExecutionOrderSort2 (0ms)
		AwakeInstancesAfterBackupRestoration (5ms)
Refreshing native plugins compatible for Editor in 1.63 ms, found 3 plugins.
Preloading 0 native plugins for Editor in 0.00 ms.
Asset Pipeline Refresh (id=ae998294f36da3c4a8c5b3a1e2627d44): Total: 2.647 seconds - Initiated by InitialRefreshV2(ForceSynchronousImport)
	Summary:
		Imports: total=1 (actual=1, local cache=0, cache server=0)
		Asset DB Process Time: managed=2 ms, native=723 ms
		Asset DB Callback time: managed=40 ms, native=6 ms
		Scripting: domain reloads=1, domain reload time=1227 ms, compile time=597 ms, other=49 ms
		Project Asset Count: scripts=3823, non-scripts=637
		Asset File Changes: new=0, changed=1, moved=0, deleted=0
		Scan Filter Count: 0
	InvokeBeforeRefreshCallbacks: 0.198ms
	ApplyChangesToAssetFolders: 0.060ms
	Scan: 23.712ms
	OnSourceAssetsModified: 2.582ms
	GetAllGuidsForCategorization: 0.679ms
	CategorizeAssets: 79.154ms
	ImportOutOfDateAssets: 667.966ms (29.898ms without children)
		ImportManagerImport: 22.068ms (5.185ms without children)
			ImportInProcess: 16.880ms
			UpdateCategorizedAssets: 0.003ms
		CompileScripts: 596.594ms
		ReloadNativeAssets: 0.001ms
		UnloadImportedAssets: 17.461ms
		ReloadImportedAssets: 0.000ms
		EnsureUptoDateAssetsAreRegisteredWithGuidPM: 1.127ms
		InitializingProgressBar: 0.006ms
		PostProcessAllAssetNotificationsAddChangedAssets: 0.000ms
		OnDemandSchedulerStart: 0.810ms
	PostProcessAllAssets: 39.078ms
	Hotreload: 4.302ms
	GatherAllCurrentPrimaryArtifactRevisions: 0.001ms
	UnloadStreamsBegin: 0.913ms
	PersistCurrentRevisions: 0.412ms
	UnloadStreamsEnd: 0.009ms
	GenerateScriptTypeHashes: 0.481ms
	Untracked: 1827.469ms
Application.AssetDatabase Initial Refresh End
Launched and connected shader compiler UnityShaderCompiler.exe after 0.04 seconds
Scanning for USB devices : 9.414ms
Initializing Unity extensions:
[Licensing::Client] Successfully resolved entitlements
[MODES] ModeService[none].Initialize
[MODES] ModeService[none].LoadModes
[MODES] Loading mode Default (0) for mode-current-id-try-unity-ba-github
ProgressiveSceneManager::Cancel()
Unloading 3 Unused Serialized files (Serialized files now loaded: 0)
Unloading 43 unused Assets / (476.0 KB). Loaded Objects now: 3683.
Memory consumption went from 108.5 MB to 108.0 MB.
Total: 4.353400 ms (FindLiveObjects: 0.231600 ms CreateObjectMapping: 0.097500 ms MarkObjects: 3.753300 ms  DeleteObjects: 0.270200 ms)

Preparing Automation...
UnityEngine.StackTraceUtility:ExtractStackTrace ()
UnityEngine.DebugLogHandler:LogFormat (UnityEngine.LogType,UnityEngine.Object,string,object[])
UnityEngine.Logger:Log (UnityEngine.LogType,object)
UnityEngine.Debug:Log (object)
BuildAutomation.BuildHelper:PerformBuild () (at Assets/BuildAutomation/Editor/BuildHelper.cs:16)

(Filename: Assets/BuildAutomation/Editor/BuildHelper.cs Line: 16)


###########################
#    Parsing settings     #
###########################


Found flag "quit" with value "".
Found flag "executeMethod" with value "BuildAutomation.BuildHelper.PerformBuild".
Found flag "buildPreset" with value "BA_BuildPreset_2".
Found flag "projectPath" with value ".".
Found flag "logFile" with value "Output.log".
Found flag "batchmode" with value "".
CommandLineArg > quit:
UnityEngine.StackTraceUtility:ExtractStackTrace ()
UnityEngine.DebugLogHandler:LogFormat (UnityEngine.LogType,UnityEngine.Object,string,object[])
UnityEngine.Logger:Log (UnityEngine.LogType,object)
UnityEngine.Debug:Log (object)
BuildAutomation.BuildHelper:PerformBuild () (at Assets/BuildAutomation/Editor/BuildHelper.cs:20)

(Filename: Assets/BuildAutomation/Editor/BuildHelper.cs Line: 20)

CommandLineArg > executeMethod:BuildAutomation.BuildHelper.PerformBuild
UnityEngine.StackTraceUtility:ExtractStackTrace ()
UnityEngine.DebugLogHandler:LogFormat (UnityEngine.LogType,UnityEngine.Object,string,object[])
UnityEngine.Logger:Log (UnityEngine.LogType,object)
UnityEngine.Debug:Log (object)
BuildAutomation.BuildHelper:PerformBuild () (at Assets/BuildAutomation/Editor/BuildHelper.cs:20)

(Filename: Assets/BuildAutomation/Editor/BuildHelper.cs Line: 20)

CommandLineArg > buildPreset:BA_BuildPreset_2
UnityEngine.StackTraceUtility:ExtractStackTrace ()
UnityEngine.DebugLogHandler:LogFormat (UnityEngine.LogType,UnityEngine.Object,string,object[])
UnityEngine.Logger:Log (UnityEngine.LogType,object)
UnityEngine.Debug:Log (object)
BuildAutomation.BuildHelper:PerformBuild () (at Assets/BuildAutomation/Editor/BuildHelper.cs:20)

(Filename: Assets/BuildAutomation/Editor/BuildHelper.cs Line: 20)

CommandLineArg > projectPath:.
UnityEngine.StackTraceUtility:ExtractStackTrace ()
UnityEngine.DebugLogHandler:LogFormat (UnityEngine.LogType,UnityEngine.Object,string,object[])
UnityEngine.Logger:Log (UnityEngine.LogType,object)
UnityEngine.Debug:Log (object)
BuildAutomation.BuildHelper:PerformBuild () (at Assets/BuildAutomation/Editor/BuildHelper.cs:20)

(Filename: Assets/BuildAutomation/Editor/BuildHelper.cs Line: 20)

CommandLineArg > logFile:Output.log
UnityEngine.StackTraceUtility:ExtractStackTrace ()
UnityEngine.DebugLogHandler:LogFormat (UnityEngine.LogType,UnityEngine.Object,string,object[])
UnityEngine.Logger:Log (UnityEngine.LogType,object)
UnityEngine.Debug:Log (object)
BuildAutomation.BuildHelper:PerformBuild () (at Assets/BuildAutomation/Editor/BuildHelper.cs:20)

(Filename: Assets/BuildAutomation/Editor/BuildHelper.cs Line: 20)

CommandLineArg > batchmode:
UnityEngine.StackTraceUtility:ExtractStackTrace ()
UnityEngine.DebugLogHandler:LogFormat (UnityEngine.LogType,UnityEngine.Object,string,object[])
UnityEngine.Logger:Log (UnityEngine.LogType,object)
UnityEngine.Debug:Log (object)
BuildAutomation.BuildHelper:PerformBuild () (at Assets/BuildAutomation/Editor/BuildHelper.cs:20)

(Filename: Assets/BuildAutomation/Editor/BuildHelper.cs Line: 20)

Build Preset Changed : BA_BuildPreset_2
UnityEngine.StackTraceUtility:ExtractStackTrace ()
UnityEngine.DebugLogHandler:LogFormat (UnityEngine.LogType,UnityEngine.Object,string,object[])
UnityEngine.Logger:Log (UnityEngine.LogType,object)
UnityEngine.Debug:Log (object)
BuildAutomation.BuildHelper:SetActiveSettings (string) (at Assets/BuildAutomation/Editor/BuildHelper.cs:46)
BuildAutomation.BuildHelper:PerformBuild () (at Assets/BuildAutomation/Editor/BuildHelper.cs:23)

(Filename: Assets/BuildAutomation/Editor/BuildHelper.cs Line: 46)

Performing Build Automation Start!
UnityEngine.StackTraceUtility:ExtractStackTrace ()
UnityEngine.DebugLogHandler:LogFormat (UnityEngine.LogType,UnityEngine.Object,string,object[])
UnityEngine.Logger:Log (UnityEngine.LogType,object)
UnityEngine.Debug:Log (object)
BuildAutomation.BuildHelper:PerformBuild () (at Assets/BuildAutomation/Editor/BuildHelper.cs:28)

(Filename: Assets/BuildAutomation/Editor/BuildHelper.cs Line: 28)

[ScriptCompilation] Requested script compilation because: Assetdatabase observed changes in script compilation related files
AssetDatabase: script compilation time: 0.000543s
Start importing Assets/BuildAutomation/SuperUnityBuild/BuildConstants.cs using Guid(b7931b604ce247f4880b1a48f614c996) Importer(-1,00000000000000000000000000000000)  -> (artifact id: 'd3ba9ccbf505ec728048596b53156569') in 0.002110 seconds
Refreshing native plugins compatible for Editor in 1.52 ms, found 3 plugins.
Preloading 0 native plugins for Editor in 0.00 ms.
Asset Pipeline Refresh (id=06a058299b20a304a9b2fbd721bc2e80): Total: 0.057 seconds - Initiated by RefreshV2(NoUpdateAssetOptions)
Start importing ProjectSettings/ProjectSettings.asset using Guid(00000000000000004000000000000000) Importer(-1,00000000000000000000000000000000)  -> (artifact id: '5a6bb43cc99989a818c4bf875e48eae1') in 0.003244 seconds
Refreshing native plugins compatible for Editor in 1.51 ms, found 3 plugins.
Preloading 0 native plugins for Editor in 0.00 ms.
Asset Pipeline Refresh (id=e1e982292045b5743ba3f53f4e58ffbb): Total: 0.015 seconds - Initiated by StopAssetImportingV2(NoUpdateAssetOptions)
info: Microsoft.AspNetCore.Hosting.Diagnostics[1]
      Request starting HTTP/2 POST http://ilpp/UnityILPP.PostProcessing/Ping application/grpc -
info: Microsoft.AspNetCore.Routing.EndpointMiddleware[0]
      Executing endpoint 'gRPC - /UnityILPP.PostProcessing/Ping'
info: Microsoft.AspNetCore.Routing.EndpointMiddleware[1]
      Executed endpoint 'gRPC - /UnityILPP.PostProcessing/Ping'
info: Microsoft.AspNetCore.Hosting.Diagnostics[2]
      Request finished HTTP/2 POST http://ilpp/UnityILPP.PostProcessing/Ping application/grpc - - 200 - application/grpc 1.3772ms
Starting: D:\App\Unity\UnityEditor\2022.3.2f1\Editor\Data\bee_backend.exe --dont-print-to-structured-log --ipc --defer-dag-verification --dagfile="Library/Bee/2400b0aEDbgSkipCompile.dag" --continue-on-failure --profile="Library/Bee/backend1.traceevents" ScriptAssembliesAndTypeDB
WorkingDir: D:/Work/Myself/github-ba-test/try-unity-ba-github
ExitCode: 0 Duration: 0s76ms
*** Tundra build success (0.05 seconds), 0 items updated, 3 evaluated
Asset Pipeline Refresh (id=3687678c6bcfeb8478778d1514512521): Total: 0.004 seconds - Initiated by RefreshV2(NoUpdateAssetOptions)
[ScriptCompilation] Requested script compilation because: Recompiling scripts for player build.
BuildPlayer: start building target 24
info: Microsoft.AspNetCore.Hosting.Diagnostics[1]
      Request starting HTTP/2 POST http://ilpp/UnityILPP.PostProcessing/Ping application/grpc -
info: Microsoft.AspNetCore.Routing.EndpointMiddleware[0]
      Executing endpoint 'gRPC - /UnityILPP.PostProcessing/Ping'
info: Microsoft.AspNetCore.Routing.EndpointMiddleware[1]
      Executed endpoint 'gRPC - /UnityILPP.PostProcessing/Ping'
info: Microsoft.AspNetCore.Hosting.Diagnostics[2]
      Request finished HTTP/2 POST http://ilpp/UnityILPP.PostProcessing/Ping application/grpc - - 200 - application/grpc 0.4655ms
Starting: D:\App\Unity\UnityEditor\2022.3.2f1\Editor\Data\bee_backend.exe --dont-print-to-structured-log --ipc --defer-dag-verification --dagfile="Library/Bee/2400b0aP.dag" --continue-on-failure --profile="Library/Bee/backend1.traceevents" ScriptAssembliesAndTypeDB
WorkingDir: D:/Work/Myself/github-ba-test/try-unity-ba-github
Total cache size 267293968
Total cache size after purge 267293968
ExitCode: 0 Duration: 1s679ms
[124/149    0s] CopyFiles Library/Bee/PlayerScriptAssemblies/Unity.Timeline.pdb
[126/149    0s] CopyFiles Library/Bee/PlayerScriptAssemblies/Unity.AI.Navigation.dll
[127/149    0s] CopyFiles Library/Bee/PlayerScriptAssemblies/UnityEngine.UI.pdb
[128/149    0s] CopyFiles Library/Bee/PlayerScriptAssemblies/Unity.Timeline.dll
[129/149    0s] CopyFiles Library/Bee/PlayerScriptAssemblies/UnityEngine.TestRunner.dll
[132/149    0s] CopyFiles Library/Bee/PlayerScriptAssemblies/Unity.VisualScripting.Core.dll
[133/149    0s] CopyFiles Library/Bee/PlayerScriptAssemblies/Unity.VisualScripting.Core.pdb
[134/149    0s] CopyFiles Library/Bee/PlayerScriptAssemblies/UnityEngine.TestRunner.pdb
[135/149    0s] CopyFiles Library/Bee/PlayerScriptAssemblies/Unity.TextMeshPro.pdb
[136/149    0s] CopyFiles Library/Bee/PlayerScriptAssemblies/Unity.AI.Navigation.pdb
[138/149    0s] CopyFiles Library/Bee/PlayerScriptAssemblies/Unity.TextMeshPro.dll
[139/149    0s] CopyFiles Library/Bee/PlayerScriptAssemblies/UnityEngine.UI.dll
[140/149    0s] CopyFiles Library/Bee/PlayerScriptAssemblies/Unity.VisualScripting.Flow.dll
[141/149    0s] CopyFiles Library/Bee/PlayerScriptAssemblies/Unity.VisualScripting.State.dll
[142/149    0s] CopyFiles Library/Bee/PlayerScriptAssemblies/Unity.VisualScripting.Flow.pdb
[143/149    0s] CopyFiles Library/Bee/PlayerScriptAssemblies/Unity.VisualScripting.State.pdb
[144/149    0s] Csc Library/Bee/artifacts/2400b0aP.dag/Assembly-CSharp.dll (+2 others)
[145/149    0s] CopyFiles Library/Bee/PlayerScriptAssemblies/Assembly-CSharp.pdb
[146/149    0s] CopyFiles Library/Bee/PlayerScriptAssemblies/Assembly-CSharp.dll
[148/149    0s] BuildPlayerDataGenerator Library/BuildPlayerData/Player/RuntimeInitializeOnLoads.json (+1 other)
*** Tundra build success (1.66 seconds), 20 items updated, 149 evaluated
DisplayProgressNotification: Build Failed
Cannot build untitled scene.
Unloading 0 Unused Serialized files (Serialized files now loaded: 0)
Unloading 17 unused Assets / (9.0 KB). Loaded Objects now: 3689.
Memory consumption went from 107.1 MB to 107.1 MB.
Total: 4.036100 ms (FindLiveObjects: 0.246200 ms CreateObjectMapping: 0.185300 ms MarkObjects: 3.560300 ms  DeleteObjects: 0.043500 ms)

Build Finished, Result: Failure.
Unloading 0 Unused Serialized files (Serialized files now loaded: 0)
Loaded scene 'Temp/__Backupscenes/0.backup'
	Deserialize:            0.440 ms
	Integration:            8.290 ms
	Integration of assets:  0.002 ms
	Thread Wait Time:       0.008 ms
	Total Operation Time:   8.741 ms
Unloading 0 unused Assets / (0 B). Loaded Objects now: 3689.
Memory consumption went from 106.9 MB to 106.9 MB.
Total: 3.691200 ms (FindLiveObjects: 0.211800 ms CreateObjectMapping: 0.082300 ms MarkObjects: 3.375900 ms  DeleteObjects: 0.020800 ms)

Killing ADB server in 0.033213 seconds.
Start importing ProjectSettings/ProjectSettings.asset using Guid(00000000000000004000000000000000) Importer(-1,00000000000000000000000000000000)  -> (artifact id: '93a6e1ebce29ae053cab34fc85d1c2e7') in 0.002810 seconds
Refreshing native plugins compatible for Editor in 1.66 ms, found 3 plugins.
Preloading 0 native plugins for Editor in 0.00 ms.
Asset Pipeline Refresh (id=ba17c9dbebc5b1b45a137f5bd36e4b2c): Total: 0.018 seconds - Initiated by StopAssetImportingV2(NoUpdateAssetOptions)
Setting up 8 worker threads for Enlighten.
Total cache size 267293968
Total cache size after purge 267293968
[Licensing::IpcConnector] License Notification channel disconnected successfully.
[Licensing::IpcConnector] License Client channel disconnected successfully.
Cleanup mono
abort_threads: Failed aborting id: 0000000000007608, mono_thread_manage will ignore it

abort_threads: Failed aborting id: 00000000000018F8, mono_thread_manage will ignore it

abort_threads: Failed aborting id: 0000000000007608, mono_thread_manage will ignore it

abort_threads: Failed aborting id: 00000000000018F8, mono_thread_manage will ignore it

debugger-agent: Unable to listen on 4700
[Performance] WinEditorMain                                                                                                  :        1 samples, Peak.  4.29 s (1.0x), Avg.  4.29 s, Total. 4.292 s (30.6%)
[Performance] WinEditorMain.ConfigureCrashHandler                                                                            :        1 samples, Peak.  21.7 us (1.0x), Avg.  21.7 us, Total. 21.70 us (0.0%)
[Performance] WinEditorMain.CurlRequestInitialize                                                                            :        1 samples, Peak.  1.07 ms (1.0x), Avg.  1.07 ms, Total. 1.066 ms (0.0%)
[Performance] WinEditorMain.SetupLogFile                                                                                     :        1 samples, Peak.   226 us (1.0x), Avg.   226 us, Total. 225.7 us (0.0%)
[Performance] WinEditorMain.RunNativeTestsIfRequiredAndExit                                                                  :        1 samples, Peak.   200 ns (1.0x), Avg.   200 ns, Total. 200.0 ns (0.0%)
[Performance] WinEditorMain.Licensing                                                                                        :        1 samples, Peak.  4.27 s (1.0x), Avg.  4.27 s, Total. 4.273 s (30.4%)
[Performance] WinEditorMain.InitializeCrashHandler                                                                           :        1 samples, Peak.  14.9 ms (1.0x), Avg.  14.9 ms, Total. 14.87 ms (0.1%)
[Performance] WinEditorMain.CreateApplication                                                                                :        1 samples, Peak.   262 us (1.0x), Avg.   262 us, Total. 262.3 us (0.0%)
[Performance] Application.InitializeProject                                                                                  :        1 samples, Peak.  7.12 s (1.0x), Avg.  7.12 s, Total. 7.116 s (50.7%)
[Performance] Application.PackageManager.StartServer                                                                         :        1 samples, Peak.  3.31 ms (1.0x), Avg.  3.31 ms, Total. 3.306 ms (0.0%)
[Performance] Application.AcquireProjectLock                                                                                 :        1 samples, Peak.  5.74 ms (1.0x), Avg.  5.74 ms, Total. 5.740 ms (0.0%)
[Performance] Application.InitializeEngineNoGraphics                                                                         :        1 samples, Peak.  52.0 ms (1.0x), Avg.  52.0 ms, Total. 52.00 ms (0.4%)
[Performance] Application.PackageManager.Initialize                                                                          :        1 samples, Peak.   380 ms (1.0x), Avg.   380 ms, Total. 380.1 ms (2.7%)
[Performance] Connecting to Package Manager                                                                                  :       39 samples, Peak.  52.3 us (29.3x), Avg.  1.78 us, Total. 69.50 us (0.0%)
[Performance] Application.EngineGraphics.Initialize                                                                          :        1 samples, Peak.   146 ms (1.0x), Avg.   146 ms, Total. 146.0 ms (1.0%)
[Performance] Application.GI.Initialize                                                                                      :        1 samples, Peak.  3.29 ms (1.0x), Avg.  3.29 ms, Total. 3.293 ms (0.0%)
[Performance] Application.LoadAllDefaultResourcesFromEditor                                                                  :        1 samples, Peak.  1.57 ms (1.0x), Avg.  1.57 ms, Total. 1.566 ms (0.0%)
[Performance] Application.LoadMonoAssemblies                                                                                 :        1 samples, Peak.  2.82 s (1.0x), Avg.  2.82 s, Total. 2.816 s (20.0%)
[Performance] RestoreManagedReferences                                                                                       :        2 samples, Peak.  49.6 ms (2.0x), Avg.  24.8 ms, Total. 49.57 ms (0.4%)
[Performance] EditorResources.Load                                                                                           :        4 samples, Peak.  17.3 ms (3.9x), Avg.  4.40 ms, Total. 17.60 ms (0.1%)
[Performance] InitializeOnLoad WindowLayout                                                                                  :        2 samples, Peak.   555 us (1.1x), Avg.   523 us, Total. 1.047 ms (0.0%)
[Performance] InitializeOnLoad MixerEffectDefinitionReloader                                                                 :        2 samples, Peak.  2.71 ms (1.2x), Avg.  2.27 ms, Total. 4.544 ms (0.0%)
[Performance] InitializeOnLoad AssetStoreContext                                                                             :        2 samples, Peak.  20.1 ms (1.7x), Avg.  12.1 ms, Total. 24.25 ms (0.2%)
[Performance] InitializeOnLoad CheckNavigationPackage                                                                        :        2 samples, Peak.   227 us (1.0x), Avg.   217 us, Total. 434.5 us (0.0%)
[Performance] InitializeOnLoad CloudBuild                                                                                    :        2 samples, Peak.  5.20 us (1.0x), Avg.  5.15 us, Total. 10.30 us (0.0%)
[Performance] InitializeOnLoad MenuItems                                                                                     :        2 samples, Peak.   130 us (1.1x), Avg.   115 us, Total. 229.1 us (0.0%)
[Performance] InitializeOnLoad CacheServerWindow                                                                             :        2 samples, Peak.  9.90 us (1.0x), Avg.  9.65 us, Total. 19.30 us (0.0%)
[Performance] InitializeOnLoad UISystemProfilerRenderService                                                                 :        2 samples, Peak.  6.20 us (1.0x), Avg.  5.95 us, Total. 11.90 us (0.0%)
[Performance] InitializeOnLoad PrefabInstanceChangedListener                                                                 :        2 samples, Peak.   151 us (1.0x), Avg.   151 us, Total. 302.1 us (0.0%)
[Performance] InitializeOnLoad SearchService                                                                                 :        2 samples, Peak.   929 us (1.8x), Avg.   520 us, Total. 1.039 ms (0.0%)
[Performance] InitializeOnLoad UnityConnect                                                                                  :        2 samples, Peak.  58.6 us (1.0x), Avg.  57.3 us, Total. 114.6 us (0.0%)
[Performance] InitializeOnLoad ObjectSelectorSearch                                                                          :        2 samples, Peak.  40.8 us (1.0x), Avg.  40.2 us, Total. 80.50 us (0.0%)
[Performance] InitializeOnLoad SceneSearch                                                                                   :        2 samples, Peak.  36.0 us (1.0x), Avg.  35.2 us, Total. 70.50 us (0.0%)
[Performance] InitializeOnLoad SettingsService                                                                               :        2 samples, Peak.  5.90 us (1.0x), Avg.  5.80 us, Total. 11.60 us (0.0%)
[Performance] InitializeOnLoad DrivenRectTransformUndo                                                                       :        2 samples, Peak.   287 us (1.2x), Avg.   247 us, Total. 493.3 us (0.0%)
[Performance] InitializeOnLoad PlayModeDownload                                                                              :        2 samples, Peak.   758 us (1.6x), Avg.   472 us, Total. 944.3 us (0.0%)
[Performance] InitializeOnLoad ShortcutIntegration                                                                           :        2 samples, Peak.  77.2 us (1.0x), Avg.  74.2 us, Total. 148.5 us (0.0%)
[Performance] InitializeOnLoad ManagedDebuggerWindow                                                                         :        2 samples, Peak.   730 us (1.0x), Avg.   727 us, Total. 1.454 ms (0.0%)
[Performance] InitializeOnLoad ManagedDebugger                                                                               :        2 samples, Peak.  1.40 us (1.1x), Avg.  1.30 us, Total. 2.600 us (0.0%)
[Performance] InitializeOnLoad EditMode                                                                                      :        2 samples, Peak.   416 us (1.1x), Avg.   372 us, Total. 744.6 us (0.0%)
[Performance] InitializeOnLoad AddComponentWindow                                                                            :        2 samples, Peak.   112 us (1.0x), Avg.   108 us, Total. 216.7 us (0.0%)
[Performance] InitializeOnLoad NativeFormatImporterUtility                                                                   :        2 samples, Peak.  1.83 ms (1.1x), Avg.  1.73 ms, Total. 3.457 ms (0.0%)
[Performance] InitializeOnLoad ProjectSearch                                                                                 :        2 samples, Peak.  63.4 us (1.1x), Avg.  56.3 us, Total. 112.5 us (0.0%)
[Performance] InitializeOnLoad EditorDelegateRegistration                                                                    :        2 samples, Peak.   635 us (1.0x), Avg.   633 us, Total. 1.266 ms (0.0%)
[Performance] InitializeOnLoad UxmlObjectEditorFactories                                                                     :        2 samples, Peak.   376 us (1.0x), Avg.   360 us, Total. 720.7 us (0.0%)
[Performance] InitializeOnLoad RetainedMode                                                                                  :        2 samples, Peak.  1.97 ms (1.0x), Avg.  1.93 ms, Total. 3.870 ms (0.0%)
[Performance] InitializeOnLoad EditorShaderLoader                                                                            :        2 samples, Peak.   608 us (1.0x), Avg.   588 us, Total. 1.177 ms (0.0%)
[Performance] InitializeOnLoad UIDocumentHierarchyWatcher                                                                    :        2 samples, Peak.   127 us (1.2x), Avg.   104 us, Total. 207.1 us (0.0%)
[Performance] InitializeOnLoad EditorMonitor                                                                                 :        2 samples, Peak.   159 us (1.1x), Avg.   151 us, Total. 302.8 us (0.0%)
[Performance] InitializeOnLoad LiveReloadTrackerCreator                                                                      :        2 samples, Peak.   134 us (1.0x), Avg.   130 us, Total. 259.8 us (0.0%)
[Performance] InitializeOnLoad UXMLEditorFactories                                                                           :        2 samples, Peak.  55.0 ms (1.0x), Avg.  54.2 ms, Total. 108.4 ms (0.8%)
[Performance] InitializeOnLoad CloudBuildPoller                                                                              :        2 samples, Peak.   260 us (1.0x), Avg.   248 us, Total. 495.1 us (0.0%)
[Performance] InitializeOnLoad AnalyticsService                                                                              :        2 samples, Peak.  5.02 ms (1.0x), Avg.  4.84 ms, Total. 9.676 ms (0.1%)
[Performance] InitializeOnLoad UDPService                                                                                    :        2 samples, Peak.  3.38 ms (1.1x), Avg.  3.20 ms, Total. 6.407 ms (0.0%)
[Performance] InitializeOnLoad EditorGameServicesAnalytics                                                                   :        2 samples, Peak.  1.22 ms (1.2x), Avg.  1.04 ms, Total. 2.071 ms (0.0%)
[Performance] InitializeOnLoad PurchasingService                                                                             :        2 samples, Peak.  8.32 ms (1.0x), Avg.  8.26 ms, Total. 16.51 ms (0.1%)
[Performance] InitializeOnLoad ServicesRepository                                                                            :        2 samples, Peak.  2.70 us (1.3x), Avg.  2.10 us, Total. 4.200 us (0.0%)
[Performance] InitializeOnLoad AdsService                                                                                    :        2 samples, Peak.  3.75 ms (1.1x), Avg.  3.53 ms, Total. 7.062 ms (0.1%)
[Performance] InitializeOnLoad BuildService                                                                                  :        2 samples, Peak.  2.91 ms (1.0x), Avg.  2.85 ms, Total. 5.692 ms (0.0%)
[Performance] InitializeOnLoad CrashService                                                                                  :        2 samples, Peak.  3.00 ms (1.1x), Avg.  2.84 ms, Total. 5.676 ms (0.0%)
[Performance] InitializeOnLoad SearchWindow                                                                                  :        2 samples, Peak.   141 us (1.0x), Avg.   136 us, Total. 272.2 us (0.0%)
[Performance] InitializeOnLoad SearchMonitor                                                                                 :        2 samples, Peak.  2.07 ms (1.2x), Avg.  1.78 ms, Total. 3.558 ms (0.0%)
[Performance] InitializeOnLoad ParameterControllerEditor                                                                     :        2 samples, Peak.  27.1 us (1.2x), Avg.  21.9 us, Total. 43.80 us (0.0%)
[Performance] InitializeOnLoad LayerSettingsWindow                                                                           :        2 samples, Peak.  3.70 us (1.0x), Avg.  3.70 us, Total. 7.400 us (0.0%)
[Performance] InitializeOnLoad PackageManagerHookGUIDConverter.RegisterPackagesEventHandler                                  :        2 samples, Peak.   936 us (1.7x), Avg.   535 us, Total. 1.071 ms (0.0%)
[Performance] InitializeOnLoad EditorDragAndDrop.RegisterEditorClient                                                        :        2 samples, Peak.   294 us (1.2x), Avg.   254 us, Total. 508.9 us (0.0%)
[Performance] InitializeOnLoad EditorEventCallbacks.InitializeFontAssetResourceChangeCallBacks                               :        2 samples, Peak.  1.48 ms (1.2x), Avg.  1.22 ms, Total. 2.439 ms (0.0%)
[Performance] InitializeOnLoad SceneTemplateService.Init                                                                     :        2 samples, Peak.  1.59 ms (1.1x), Avg.  1.41 ms, Total. 2.813 ms (0.0%)
[Performance] InitializeOnLoad DiagnosticSwitchesConsoleMessage.Init                                                         :        2 samples, Peak.  4.87 ms (1.5x), Avg.  3.33 ms, Total. 6.659 ms (0.0%)
[Performance] InitializeOnLoad AssetPostprocessingInternal.RefreshCustomDependencies                                         :        2 samples, Peak.  2.36 ms (1.1x), Avg.  2.18 ms, Total. 4.367 ms (0.0%)
[Performance] InitializeOnLoad MemoryProfilerCompilationGuard.InjectCompileGuard                                             :        2 samples, Peak.   295 us (1.3x), Avg.   231 us, Total. 462.2 us (0.0%)
[Performance] InitializeOnLoad EditorWindow.Initialize                                                                       :        2 samples, Peak.   323 us (1.3x), Avg.   250 us, Total. 500.4 us (0.0%)
[Performance] InitializeOnLoad PackageManagerWindow.EditorInitializedInSafeMode                                              :        2 samples, Peak.  22.9 ms (2.0x), Avg.  11.6 ms, Total. 23.11 ms (0.2%)
[Performance] InitializeOnLoad ScopedRegistryAddedPopup.SubscribeToRegistriesAdded                                           :        2 samples, Peak.  8.05 ms (2.0x), Avg.  4.07 ms, Total. 8.145 ms (0.1%)
[Performance] InitializeOnLoad SceneVisibilityManager.Initialize                                                             :        2 samples, Peak.  2.86 ms (1.6x), Avg.  1.83 ms, Total. 3.650 ms (0.0%)
[Performance] InitializeOnLoad SysrootManager.Initialize                                                                     :        2 samples, Peak.  1.41 ms (2.0x), Avg.   714 us, Total. 1.428 ms (0.0%)
[Performance] InitializeOnLoad ToolShortcutContext.Init                                                                      :        2 samples, Peak.   317 us (1.2x), Avg.   254 us, Total. 507.7 us (0.0%)
[Performance] AssemblyReloadEvents.afterAssemblyReload: UnityEditor.SceneTemplate.SceneTemplateService.AfterAssemblyReload   :        2 samples, Peak.  3.90 ms (1.9x), Avg.  2.08 ms, Total. 4.157 ms (0.0%)
[Performance] ProcessService.EditorAfterLoadAllAssemblies                                                                    :        2 samples, Peak.   501 us (1.4x), Avg.   368 us, Total. 736.1 us (0.0%)
[Performance] Application.ReadLicenseInfo                                                                                    :        1 samples, Peak.  13.7 ms (1.0x), Avg.  13.7 ms, Total. 13.67 ms (0.1%)
[Performance] Application.InitialRefresh                                                                                     :        1 samples, Peak.  2.65 s (1.0x), Avg.  2.65 s, Total. 2.648 s (18.8%)
[Performance] ShaderImporter.SourceAssetModified                                                                             :        5 samples, Peak.  1.10 us (1.5x), Avg.   740 ns, Total. 3.700 us (0.0%)
[Performance] ShaderIncludeImporter.SourceAssetModified                                                                      :        5 samples, Peak.  2.30 us (1.9x), Avg.  1.24 us, Total. 6.200 us (0.0%)
[Performance] Compiling Scripts                                                                                              :        2 samples, Peak.   597 ms (2.0x), Avg.   299 ms, Total. 597.1 ms (4.2%)
[Performance] AssemblyReloadEvents.beforeAssemblyReload: UnityEditor.SceneTemplate.SceneTemplateService.BeforeAssemblyReload :        1 samples, Peak.   463 us (1.0x), Avg.   463 us, Total. 462.7 us (0.0%)
[Performance] PresetManagerPostProcessor.OnPreprocessAsset                                                                   :        4 samples, Peak.  1.19 ms (3.2x), Avg.   368 us, Total. 1.471 ms (0.0%)
[Performance] CancelSplashScreenOnAssetChange.OnPreprocessAsset                                                              :        4 samples, Peak.   122 us (3.7x), Avg.  33.4 us, Total. 133.6 us (0.0%)
[Performance] InitializeOnLoad BuildActionListUtility                                                                        :        1 samples, Peak.   137 ms (1.0x), Avg.   137 ms, Total. 137.3 ms (1.0%)
[Performance] InitializeOnLoad PlasticPlugin                                                                                 :        1 samples, Peak.  58.5 ms (1.0x), Avg.  58.5 ms, Total. 58.50 ms (0.4%)
[Performance] InitializeOnLoad VSUsageUtility                                                                                :        1 samples, Peak.  18.6 ms (1.0x), Avg.  18.6 ms, Total. 18.61 ms (0.1%)
[Performance] InitializeOnLoad ToolbarBootstrap                                                                              :        1 samples, Peak.   389 us (1.0x), Avg.   389 us, Total. 389.1 us (0.0%)
[Performance] InitializeOnLoad BackgroundWatcher                                                                             :        1 samples, Peak.   165 us (1.0x), Avg.   165 us, Total. 165.5 us (0.0%)
[Performance] InitializeOnLoad UnityTestProtocolStarter                                                                      :        1 samples, Peak.   221 us (1.0x), Avg.   221 us, Total. 220.7 us (0.0%)
[Performance] InitializeOnLoad TestStarter                                                                                   :        1 samples, Peak.   649 us (1.0x), Avg.   649 us, Total. 648.8 us (0.0%)
[Performance] InitializeOnLoad RerunCallbackInitializer                                                                      :        1 samples, Peak.  3.17 ms (1.0x), Avg.  3.17 ms, Total. 3.172 ms (0.0%)
[Performance] InitializeOnLoad VisualStudioEditor                                                                            :        1 samples, Peak.  9.13 ms (1.0x), Avg.  9.13 ms, Total. 9.134 ms (0.1%)
[Performance] InitializeOnLoad VisualStudioIntegration                                                                       :        1 samples, Peak.  4.22 ms (1.0x), Avg.  4.22 ms, Total. 4.224 ms (0.0%)
[Performance] InitializeOnLoad TestRunnerApiListener                                                                         :        1 samples, Peak.   414 us (1.0x), Avg.   414 us, Total. 413.6 us (0.0%)
[Performance] InitializeOnLoad PrefabLayoutRebuilder                                                                         :        1 samples, Peak.   296 us (1.0x), Avg.   296 us, Total. 295.6 us (0.0%)
[Performance] InitializeOnLoad RiderScriptEditor                                                                             :        1 samples, Peak.  4.09 ms (1.0x), Avg.  4.09 ms, Total. 4.095 ms (0.0%)
[Performance] InitializeOnLoad CallbackInitializer                                                                           :        1 samples, Peak.   864 us (1.0x), Avg.   864 us, Total. 864.3 us (0.0%)
[Performance] InitializeOnLoad CoverageReporterStarter                                                                       :        1 samples, Peak.  6.35 ms (1.0x), Avg.  6.35 ms, Total. 6.347 ms (0.0%)
[Performance] InitializeOnLoad NavigationWindow                                                                              :        1 samples, Peak.   425 us (1.0x), Avg.   425 us, Total. 424.7 us (0.0%)
[Performance] InitializeOnLoad VSCodeScriptEditor                                                                            :        1 samples, Peak.  2.72 ms (1.0x), Avg.  2.72 ms, Total. 2.720 ms (0.0%)
[Performance] InitializeOnLoad SysrootPackage.IssueWarningIfLinuxIL2CPPNotPresent                                            :        1 samples, Peak.   164 us (1.0x), Avg.   164 us, Total. 163.9 us (0.0%)
[Performance] InitializeOnLoad TestJobDataHolder.ResumeRunningJobs                                                           :        1 samples, Peak.   785 us (1.0x), Avg.   785 us, Total. 784.6 us (0.0%)
[Performance] InitializeOnLoad AnalyticsReporter.RegisterCallbacks                                                           :        1 samples, Peak.   228 us (1.0x), Avg.   228 us, Total. 227.8 us (0.0%)
[Performance] DidReloadScriptsTestRunnerWindow.CompilationCallback                                                           :        1 samples, Peak.   964 us (1.0x), Avg.   964 us, Total. 964.0 us (0.0%)
[Performance] DidReloadScriptsTestListCache.ScriptReloaded                                                                   :        1 samples, Peak.  1.15 ms (1.0x), Avg.  1.15 ms, Total. 1.147 ms (0.0%)
[Performance] DidReloadScriptsAdvancedDropdownWindow.OnScriptReload                                                          :        1 samples, Peak.   174 us (1.0x), Avg.   174 us, Total. 174.4 us (0.0%)
[Performance] AssetDatabase.ImportAssets                                                                                     :        8 samples, Peak.  18.6 ms (4.5x), Avg.  4.17 ms, Total. 33.37 ms (0.2%)
[Performance] VersionControl.Task.Wait                                                                                       :        1 samples, Peak.  10.4 us (1.0x), Avg.  10.4 us, Total. 10.40 us (0.0%)
[Performance] TMPro_TexturePostProcessor.OnPostprocessAllAssets                                                              :        8 samples, Peak.   630 us (4.0x), Avg.   159 us, Total. 1.269 ms (0.0%)
[Performance] AssetPostprocessor.OnPostprocessAllAssets                                                                      :        8 samples, Peak.   222 us (3.9x), Avg.  57.6 us, Total. 460.9 us (0.0%)
[Performance] BuilderAssetPostprocessor.OnPostprocessAllAssets                                                               :        8 samples, Peak.  1.82 ms (3.7x), Avg.   491 us, Total. 3.929 ms (0.0%)
[Performance] ArtifactBrowserPostProcessor.OnPostprocessAllAssets                                                            :        8 samples, Peak.   280 us (3.8x), Avg.  73.0 us, Total. 584.1 us (0.0%)
[Performance] AssetEvents.OnPostprocessAllAssets                                                                             :       16 samples, Peak.   243 us (6.2x), Avg.  39.4 us, Total. 630.0 us (0.0%)
[Performance] AudioMixerPostprocessor.OnPostprocessAllAssets                                                                 :        8 samples, Peak.   259 us (3.9x), Avg.  66.4 us, Total. 531.2 us (0.0%)
[Performance] StyleCatalogPostProcessor.OnPostprocessAllAssets                                                               :        8 samples, Peak.  17.7 ms (4.0x), Avg.  4.44 ms, Total. 35.54 ms (0.3%)
[Performance] BuildCatalog                                                                                                   :        1 samples, Peak.  17.0 ms (1.0x), Avg.  17.0 ms, Total. 16.95 ms (0.1%)
[Performance] ModelImporterPostProcessor.OnPostprocessAllAssets                                                              :        8 samples, Peak.  1.20 ms (3.9x), Avg.   311 us, Total. 2.488 ms (0.0%)
[Performance] RetainedModeAssetPostprocessor.OnPostprocessAllAssets                                                          :        8 samples, Peak.  1.53 ms (3.9x), Avg.   395 us, Total. 3.163 ms (0.0%)
[Performance] AssetChangedListener.OnPostprocessAllAssets                                                                    :        8 samples, Peak.  1.47 ms (3.4x), Avg.   427 us, Total. 3.415 ms (0.0%)
[Performance] SpeedTreePostProcessor.OnPostprocessAllAssets                                                                  :        8 samples, Peak.   175 us (3.1x), Avg.  56.5 us, Total. 452.1 us (0.0%)
[Performance] TextAssetPostProcessor.OnPostprocessAllAssets                                                                  :        8 samples, Peak.   285 us (3.7x), Avg.  76.1 us, Total. 609.0 us (0.0%)
[Performance] SyncVS.PostprocessSyncProject                                                                                  :        4 samples, Peak.  2.93 ms (3.6x), Avg.   817 us, Total. 3.268 ms (0.0%)
[Performance] Selection.selectionChanged: UnityEditor.PackageManager.UI.Internal.SelectionProxy.OnSelectionChanged           :        2 samples, Peak.   550 us (2.0x), Avg.   279 us, Total. 557.1 us (0.0%)
[Performance] Selection.selectionChanged: UnityEditorInternal.EditMode.OnSelectionChange                                     :        2 samples, Peak.   212 us (2.0x), Avg.   107 us, Total. 213.5 us (0.0%)
[Performance] Application.ImportPackagesAndSetTemplateWhenCreatingProject                                                    :        1 samples, Peak.  12.0 ms (1.0x), Avg.  12.0 ms, Total. 11.98 ms (0.1%)
[Performance] Application.SyncCurrentColorSpace                                                                              :        1 samples, Peak.  65.7 ms (1.0x), Avg.  65.7 ms, Total. 65.75 ms (0.5%)
[Performance] Application.OnUsbDevicesChanged                                                                                :        1 samples, Peak.  9.48 ms (1.0x), Avg.  9.48 ms, Total. 9.483 ms (0.1%)
[Performance] Application.AssetInstanceCacheUpdate                                                                           :        1 samples, Peak.  1.80 us (1.0x), Avg.  1.80 us, Total. 1.800 us (0.0%)
[Performance] Application.UnityExtensions.Initialize                                                                         :        1 samples, Peak.  3.48 ms (1.0x), Avg.  3.48 ms, Total. 3.483 ms (0.0%)
[Performance] CodeEditorProjectSync.SyncEditorProject                                                                        :        1 samples, Peak.   187 ms (1.0x), Avg.   187 ms, Total. 187.0 ms (1.3%)
[Performance] Application.ExecuteStartups                                                                                    :        1 samples, Peak.  43.5 ms (1.0x), Avg.  43.5 ms, Total. 43.46 ms (0.3%)
[Performance] Menu.RegisterMenuInterface                                                                                     :       26 samples, Peak.  1.70 us (7.8x), Avg.   219 ns, Total. 5.700 us (0.0%)
[Performance] Gizmo.RebuildRenderers                                                                                         :        2 samples, Peak.  42.8 ms (2.0x), Avg.  21.7 ms, Total. 43.47 ms (0.3%)
[Performance] Gizmo.AddGizmoRenderers                                                                                        :      140 samples, Peak.  1.13 ms (59.2x), Avg.  19.1 us, Total. 2.669 ms (0.0%)
[Performance] Application.editorInitializingProject                                                                          :        1 samples, Peak.  80.0 ms (1.0x), Avg.  80.0 ms, Total. 80.01 ms (0.6%)
[Performance] Application.InitializeMenu                                                                                     :        1 samples, Peak.  76.2 ms (1.0x), Avg.  76.2 ms, Total. 76.16 ms (0.5%)
[Performance] Menu.RebuildAll                                                                                                :        1 samples, Peak.  76.2 ms (1.0x), Avg.  76.2 ms, Total. 76.15 ms (0.5%)
[Performance] Menu.BuildRegisteredMenuInterfaces                                                                             :        1 samples, Peak.  74.1 ms (1.0x), Avg.  74.1 ms, Total. 74.06 ms (0.5%)
[Performance] Menu.FilterMenuItem                                                                                            :      556 samples, Peak.  32.0 ms (551.2x), Avg.  58.1 us, Total. 32.28 ms (0.2%)
[Performance] UpdateAllMenus                                                                                                 :        1 samples, Peak.   432 us (1.0x), Avg.   432 us, Total. 432.4 us (0.0%)
[Performance] Menu.RebuildOSMainMenu                                                                                         :        2 samples, Peak.  1.92 ms (1.1x), Avg.  1.73 ms, Total. 3.455 ms (0.0%)
[Performance] EditorSceneManager.sceneClosing: UnityEditor.SceneVisibilityManager.EditorSceneManagerOnSceneClosing           :        2 samples, Peak.   263 us (2.0x), Avg.   134 us, Total. 268.9 us (0.0%)
[Performance] GUIView.RepaintAll.PlayerLoopController                                                                        :        2 samples, Peak.  3.00 us (1.3x), Avg.  2.30 us, Total. 4.600 us (0.0%)
[Performance] EditorSceneManager.newSceneCreated: UnityEditor.SceneTemplate.SceneTemplateService.OnNewSceneCreated           :        1 samples, Peak.   310 us (1.0x), Avg.   310 us, Total. 309.8 us (0.0%)
[Performance] EditorSceneManager.newSceneCreated: UnityEditor.SceneVisibilityManager.EditorSceneManagerOnNewSceneCreated     :        1 samples, Peak.   190 us (1.0x), Avg.   190 us, Total. 190.0 us (0.0%)
[Performance] EditorSceneManager.newSceneCreated: UnityEditor.SceneManagement.StageNavigationManager.OnNewSceneCreated       :        1 samples, Peak.  55.1 us (1.0x), Avg.  55.1 us, Total. 55.10 us (0.0%)
[Performance] Application.InvokeFinishedLoadingProject                                                                       :        1 samples, Peak.  4.71 ms (1.0x), Avg.  4.71 ms, Total. 4.710 ms (0.0%)
[Performance] ProcessService.OnProjectLoaded                                                                                 :        1 samples, Peak.  45.2 us (1.0x), Avg.  45.2 us, Total. 45.20 us (0.0%)
[Performance] AssetDatabase.Refresh                                                                                          :        2 samples, Peak.  56.8 ms (1.9x), Avg.  30.5 ms, Total. 60.97 ms (0.4%)
[Performance] Inspector.InitOrRebuild                                                                                        :        2 samples, Peak.   290 us (1.3x), Avg.   218 us, Total. 435.6 us (0.0%)
[Performance] StateMacroSavedEvent.OnWillSaveAssets                                                                          :        2 samples, Peak.   188 us (1.7x), Avg.   110 us, Total. 220.6 us (0.0%)
[Performance] FlowMacroSavedEvent.OnWillSaveAssets                                                                           :        2 samples, Peak.   150 us (1.9x), Avg.  78.0 us, Total. 156.0 us (0.0%)
[Performance] AssetModificationProcessor.OnWillSaveAssets                                                                    :        2 samples, Peak.   306 us (2.0x), Avg.   154 us, Total. 307.8 us (0.0%)
[Performance] BuilderAssetModificationProcessor.OnWillSaveAssets                                                             :        2 samples, Peak.   304 us (2.0x), Avg.   154 us, Total. 307.3 us (0.0%)
[Performance] TerrainModificationProcessor.OnWillSaveAssets                                                                  :        2 samples, Peak.   565 us (2.0x), Avg.   283 us, Total. 566.8 us (0.0%)
[Performance] GenerateAssemblyTypeInfos                                                                                      :        2 samples, Peak.  5.03 ms (1.3x), Avg.  3.92 ms, Total. 7.840 ms (0.1%)
[Performance] Application.Shutdown.SaveDefaultWindowPreferences                                                              :        1 samples, Peak.   115 us (1.0x), Avg.   115 us, Total. 115.5 us (0.0%)
[Performance] Application.Shutdown.SaveSceneManagerSetup                                                                     :        1 samples, Peak.   232 us (1.0x), Avg.   232 us, Total. 232.0 us (0.0%)
[Performance] Application.Shutdown.CleanupAllContainerWindows                                                                :        1 samples, Peak.  1000 ns (1.0x), Avg.  1000 ns, Total. 1000.0 ns (0.0%)
[Performance] EditorApplication.quitting: UnityEditor.SettingsManagement.FileSettingsRepository.Save                         :        1 samples, Peak.  1.19 ms (1.0x), Avg.  1.19 ms, Total. 1.188 ms (0.0%)
[Performance] EditorApplication.quitting: callback in UnityEditor.TextCore.Text.EditorEventCallbacks                         :        1 samples, Peak.  8.70 ms (1.0x), Avg.  8.70 ms, Total. 8.699 ms (0.1%)
[Performance] Killing ADB server                                                                                             :        1 samples, Peak.  34.9 ms (1.0x), Avg.  34.9 ms, Total. 34.87 ms (0.2%)
[Performance] Application.Shutdown.PauseProfilerSession                                                                      :        1 samples, Peak.  29.7 us (1.0x), Avg.  29.7 us, Total. 29.70 us (0.0%)
[Performance] Application.Shutdown.PauseAssetImportWorkers                                                                   :        1 samples, Peak.   193 us (1.0x), Avg.   193 us, Total. 192.6 us (0.0%)
[Performance] Application.Shutdown.SaveAssets                                                                                :        1 samples, Peak.  30.5 ms (1.0x), Avg.  30.5 ms, Total. 30.50 ms (0.2%)
[Performance] Application.Shutdown.CleanupRenderPipeline                                                                     :        1 samples, Peak.  3.60 us (1.0x), Avg.  3.60 us, Total. 3.600 us (0.0%)
[Performance] Application.Shutdown.StopPreloadManager                                                                        :        1 samples, Peak.  9.66 ms (1.0x), Avg.  9.66 ms, Total. 9.658 ms (0.1%)
[Performance] Application.Shutdown.DestroyWorld                                                                              :        1 samples, Peak.   424 us (1.0x), Avg.   424 us, Total. 423.9 us (0.0%)
[Performance] Application.Shutdown.CleanupAfterLoad                                                                          :        1 samples, Peak.  6.06 ms (1.0x), Avg.  6.06 ms, Total. 6.058 ms (0.0%)
[Performance] Application.Shutdown.Progress                                                                                  :        1 samples, Peak.  7.40 us (1.0x), Avg.  7.40 us, Total. 7.400 us (0.0%)
[Performance] Application.Shutdown.GICleanupManagers                                                                         :        1 samples, Peak.   652 us (1.0x), Avg.   652 us, Total. 652.4 us (0.0%)
[Performance] Application.Shutdown.MenuCleanupClass                                                                          :        1 samples, Peak.   249 us (1.0x), Avg.   249 us, Total. 249.2 us (0.0%)
[Performance] Application.Shutdown.ADBSaveStateBeforeShutdown                                                                :        1 samples, Peak.  11.9 us (1.0x), Avg.  11.9 us, Total. 11.90 us (0.0%)
[Performance] Application.Shutdown.RemoteShutdown                                                                            :        1 samples, Peak.  1.00 us (1.0x), Avg.  1.00 us, Total. 1.000 us (0.0%)
[Performance] Application.Shutdown.CleanupVCProvider                                                                         :        1 samples, Peak.  10.2 us (1.0x), Avg.  10.2 us, Total. 10.20 us (0.0%)
[Performance] Application.Shutdown.InputShutdown                                                                             :        1 samples, Peak.  1.00 us (1.0x), Avg.  1.00 us, Total. 1.000 us (0.0%)
[Performance] Application.Shutdown.GizmoManagerDestroy                                                                       :        1 samples, Peak.   629 us (1.0x), Avg.   629 us, Total. 629.2 us (0.0%)
[Performance] Application.Shutdown.ProfilerSession                                                                           :        1 samples, Peak.   267 us (1.0x), Avg.   267 us, Total. 266.8 us (0.0%)
[Performance] Application.Shutdown.ReleaseGfxWindowOnAllGUIViews                                                             :        1 samples, Peak.   500 ns (1.0x), Avg.   500 ns, Total. 500.0 ns (0.0%)
[Performance] Application.Shutdown.CleanupEngine                                                                             :        1 samples, Peak.  78.4 ms (1.0x), Avg.  78.4 ms, Total. 78.44 ms (0.6%)
[Performance] Application.Shutdown.CleanupAssetDatabase                                                                      :        1 samples, Peak.  5.93 ms (1.0x), Avg.  5.93 ms, Total. 5.929 ms (0.0%)
[Performance] Application.Shutdown.ScriptCompilationCleanUp                                                                  :        1 samples, Peak.  22.6 ms (1.0x), Avg.  22.6 ms, Total. 22.58 ms (0.2%)
[Performance] Application.Shutdown.DestroyJobSystem                                                                          :        1 samples, Peak.  33.9 us (1.0x), Avg.  33.9 us, Total. 33.90 us (0.0%)
[Performance] Application.Shutdown.CleanupPersistentManager                                                                  :        1 samples, Peak.  2.33 ms (1.0x), Avg.  2.33 ms, Total. 2.327 ms (0.0%)
[Performance] Application.Shutdown.CleanupAsyncReadManager                                                                   :        1 samples, Peak.   317 us (1.0x), Avg.   317 us, Total. 317.0 us (0.0%)
[Performance] Application.Shutdown.CleanupProgressBar                                                                        :        1 samples, Peak.   500 ns (1.0x), Avg.   500 ns, Total. 500.0 ns (0.0%)
[Performance] Application.Shutdown.CleanupMono                                                                               :        1 samples, Peak.  62.4 ms (1.0x), Avg.  62.4 ms, Total. 62.40 ms (0.4%)
[Performance] Application.Shutdown.CleanupStdConverters                                                                      :        1 samples, Peak.  9.70 us (1.0x), Avg.  9.70 us, Total. 9.700 us (0.0%)
[Performance] Application.Shutdown.UnloadAllPlatformSupportModuleNativeDlls                                                  :        1 samples, Peak.   500 ns (1.0x), Avg.   500 ns, Total. 500.0 ns (0.0%)
[Performance] Application.Shutdown.UnloadAllPlatformSupportNativeLibraries                                                   :        1 samples, Peak. 100.0 ns (1.0x), Avg. 100.0 ns, Total. 100.00 ns (0.0%)
[Performance] Application.Shutdown.CleanupAutoDocumentation                                                                  :        1 samples, Peak.   474 us (1.0x), Avg.   474 us, Total. 474.4 us (0.0%)
[Performance] Application.Shutdown.ShaderNameManagerDestroy                                                                  :        1 samples, Peak.  45.7 us (1.0x), Avg.  45.7 us, Total. 45.70 us (0.0%)
[Performance] Application.Shutdown.CleanupCacheServer                                                                        :        1 samples, Peak. 100.0 ns (1.0x), Avg. 100.0 ns, Total. 100.00 ns (0.0%)
[Performance] Application.Shutdown.Virtualization_Shutdown                                                                   :        1 samples, Peak.   300 ns (1.0x), Avg.   300 ns, Total. 300.0 ns (0.0%)
[Performance] Application.Shutdown.DevConnections                                                                            :        1 samples, Peak.   163 us (1.0x), Avg.   163 us, Total. 163.1 us (0.0%)
Checking for leaked weakptr:
  Found no leaked weakptrs.
[Package Manager] Server::Kill -- Server was shutdown
Memory Statistics:
[ALLOC_TEMP_TLS] TLS Allocator
  StackAllocators : 
    [ALLOC_TEMP_CurlRequest]
      Initial Block Size 64.0 KB
      Current Block Size 64.0 KB
      Peak Allocated Bytes 0 B
      Overflow Count 0
    [ALLOC_TEMP_MAIN]
      Initial Block Size 16.0 MB
      Current Block Size 21.8 MB
      Peak Allocated Bytes 16.0 MB
      Overflow Count 0
    [ALLOC_TEMP_Background Job.worker 6]
      Initial Block Size 32.0 KB
      Current Block Size 32.0 KB
      Peak Allocated Bytes 54 B
      Overflow Count 0
    [ALLOC_TEMP_Background Job.worker 15]
      Initial Block Size 32.0 KB
      Current Block Size 32.0 KB
      Peak Allocated Bytes 54 B
      Overflow Count 0
    [ALLOC_TEMP_AUDIO_FMOD mixer thread]
      Initial Block Size 64.0 KB
      Current Block Size 64.0 KB
      Peak Allocated Bytes 54 B
      Overflow Count 0
    [ALLOC_TEMP_BakingJobs.worker 0]
      Initial Block Size 256.0 KB
      Current Block Size 256.0 KB
      Peak Allocated Bytes 54 B
      Overflow Count 0
    [ALLOC_TEMP_AssetDatabase.FileHasherReader] x 4
      Initial Block Size 64.0 KB
      Current Block Size 64.0 KB
      Peak Allocated Bytes 161 B
      Overflow Count 0
    [ALLOC_TEMP_BakingJobs.worker 1]
      Initial Block Size 256.0 KB
      Current Block Size 256.0 KB
      Peak Allocated Bytes 54 B
      Overflow Count 0
    [ALLOC_TEMP_BatchDeleteObjects]
      Initial Block Size 64.0 KB
      Current Block Size 64.0 KB
      Peak Allocated Bytes 54 B
      Overflow Count 0
    [ALLOC_TEMP_CoreBusinessMetricsCache]
      Initial Block Size 64.0 KB
      Current Block Size 64.0 KB
      Peak Allocated Bytes 8.0 KB
      Overflow Count 0
    [ALLOC_TEMP_REST Message Handler]
      Initial Block Size 64.0 KB
      Current Block Size 64.0 KB
      Peak Allocated Bytes 54 B
      Overflow Count 0
    [ALLOC_TEMP_Job.worker 4]
      Initial Block Size 256.0 KB
      Current Block Size 1.1 MB
      Peak Allocated Bytes 1.1 MB
      Overflow Count 0
    [ALLOC_TEMP_Background Job.worker 1]
      Initial Block Size 32.0 KB
      Current Block Size 256.0 KB
      Peak Allocated Bytes 211.4 KB
      Overflow Count 3886
    [ALLOC_TEMP_AssetDatabase.IOService]
      Initial Block Size 64.0 KB
      Current Block Size 64.0 KB
      Peak Allocated Bytes 54 B
      Overflow Count 0
    [ALLOC_TEMP_Job.worker 7]
      Initial Block Size 256.0 KB
      Current Block Size 256.0 KB
      Peak Allocated Bytes 1.4 KB
      Overflow Count 0
    [ALLOC_TEMP_Job.worker 9]
      Initial Block Size 256.0 KB
      Current Block Size 256.0 KB
      Peak Allocated Bytes 1.5 KB
      Overflow Count 1
    [ALLOC_TEMP_Loading.PreloadManager]
      Initial Block Size 32.0 MB
      Current Block Size 32.0 MB
      Peak Allocated Bytes 2.0 MB
      Overflow Count 0
    [ALLOC_TEMP_Background Job.worker 4]
      Initial Block Size 32.0 KB
      Current Block Size 32.0 KB
      Peak Allocated Bytes 54 B
      Overflow Count 0
    [ALLOC_TEMP_Background Job.worker 7]
      Initial Block Size 32.0 KB
      Current Block Size 32.0 KB
      Peak Allocated Bytes 54 B
      Overflow Count 0
    [ALLOC_TEMP_CloudJob.worker 0]
      Initial Block Size 32.0 KB
      Current Block Size 32.0 KB
      Peak Allocated Bytes 4.6 KB
      Overflow Count 0
    [ALLOC_TEMP_Background Job.worker 10]
      Initial Block Size 32.0 KB
      Current Block Size 32.0 KB
      Peak Allocated Bytes 54 B
      Overflow Count 0
    [ALLOC_TEMP_Background Job.worker 12]
      Initial Block Size 32.0 KB
      Current Block Size 32.0 KB
      Peak Allocated Bytes 54 B
      Overflow Count 0
    [ALLOC_TEMP_Background Job.worker 13]
      Initial Block Size 32.0 KB
      Current Block Size 32.0 KB
      Peak Allocated Bytes 54 B
      Overflow Count 0
    [ALLOC_TEMP_Profiler.Dispatcher]
      Initial Block Size 64.0 KB
      Current Block Size 64.0 KB
      Peak Allocated Bytes 0 B
      Overflow Count 0
    [ALLOC_TEMP_BakingJobs.worker 4]
      Initial Block Size 256.0 KB
      Current Block Size 256.0 KB
      Peak Allocated Bytes 54 B
      Overflow Count 0
    [ALLOC_TEMP_Background Job.worker 14]
      Initial Block Size 32.0 KB
      Current Block Size 32.0 KB
      Peak Allocated Bytes 54 B
      Overflow Count 0
    [ALLOC_TEMP_Job.worker 11]
      Initial Block Size 256.0 KB
      Current Block Size 1.1 MB
      Peak Allocated Bytes 1.1 MB
      Overflow Count 0
    [ALLOC_TEMP_Job.worker 14]
      Initial Block Size 256.0 KB
      Current Block Size 256.0 KB
      Peak Allocated Bytes 1.5 KB
      Overflow Count 1
    [ALLOC_TEMP_Background Job.worker 9]
      Initial Block Size 32.0 KB
      Current Block Size 32.0 KB
      Peak Allocated Bytes 54 B
      Overflow Count 0
    [ALLOC_TEMP_EnlightenWorker] x 8
      Initial Block Size 64.0 KB
      Current Block Size 64.0 KB
      Peak Allocated Bytes 54 B
      Overflow Count 0
    [ALLOC_TEMP_Job.worker 3]
      Initial Block Size 256.0 KB
      Current Block Size 1.1 MB
      Peak Allocated Bytes 1.1 MB
      Overflow Count 0
    [ALLOC_TEMP_DirMonitor]
      Initial Block Size 64.0 KB
      Current Block Size 64.0 KB
      Peak Allocated Bytes 0.7 KB
      Overflow Count 0
    [ALLOC_TEMP_Job.worker 2]
      Initial Block Size 256.0 KB
      Current Block Size 256.0 KB
      Peak Allocated Bytes 1.5 KB
      Overflow Count 1
    [ALLOC_TEMP_Job.worker 10]
      Initial Block Size 256.0 KB
      Current Block Size 256.0 KB
      Peak Allocated Bytes 1.4 KB
      Overflow Count 1
    [ALLOC_TEMP_Loading.AsyncRead]
      Initial Block Size 64.0 KB
      Current Block Size 64.0 KB
      Peak Allocated Bytes 128 B
      Overflow Count 0
    [ALLOC_TEMP_Background Job.worker 3]
      Initial Block Size 32.0 KB
      Current Block Size 32.0 KB
      Peak Allocated Bytes 54 B
      Overflow Count 0
    [ALLOC_TEMP_AUDIO_FMOD (WASAPI) feeder thread]
      Initial Block Size 64.0 KB
      Current Block Size 64.0 KB
      Peak Allocated Bytes 168 B
      Overflow Count 0
    [ALLOC_TEMP_Background Job.worker 2]
      Initial Block Size 32.0 KB
      Current Block Size 32.0 KB
      Peak Allocated Bytes 1.5 KB
      Overflow Count 0
    [ALLOC_TEMP_Background Job.worker 8]
      Initial Block Size 32.0 KB
      Current Block Size 32.0 KB
      Peak Allocated Bytes 54 B
      Overflow Count 0
    [ALLOC_TEMP_BakingJobs.worker 7]
      Initial Block Size 256.0 KB
      Current Block Size 256.0 KB
      Peak Allocated Bytes 54 B
      Overflow Count 0
    [ALLOC_TEMP_BakingJobs.worker 6]
      Initial Block Size 256.0 KB
      Current Block Size 256.0 KB
      Peak Allocated Bytes 54 B
      Overflow Count 0
    [ALLOC_TEMP_Background Job.worker 0]
      Initial Block Size 32.0 KB
      Current Block Size 32.0 KB
      Peak Allocated Bytes 54 B
      Overflow Count 0
    [ALLOC_TEMP_Job.worker 6]
      Initial Block Size 256.0 KB
      Current Block Size 1.1 MB
      Peak Allocated Bytes 1.1 MB
      Overflow Count 0
    [ALLOC_TEMP_AUDIO_FMOD stream thread]
      Initial Block Size 64.0 KB
      Current Block Size 64.0 KB
      Peak Allocated Bytes 54 B
      Overflow Count 0
    [ALLOC_TEMP_AssetDatabase.FileHasherHasher] x 4
      Initial Block Size 64.0 KB
      Current Block Size 64.0 KB
      Peak Allocated Bytes 141 B
      Overflow Count 0
    [ALLOC_TEMP_Job.worker 13]
      Initial Block Size 256.0 KB
      Current Block Size 256.0 KB
      Peak Allocated Bytes 1.3 KB
      Overflow Count 1
    [ALLOC_TEMP_BakingJobs.worker 3]
      Initial Block Size 256.0 KB
      Current Block Size 256.0 KB
      Peak Allocated Bytes 54 B
      Overflow Count 0
    [ALLOC_TEMP_Job.worker 1]
      Initial Block Size 256.0 KB
      Current Block Size 1.1 MB
      Peak Allocated Bytes 1.1 MB
      Overflow Count 0
    [ALLOC_TEMP_Job.worker 12]
      Initial Block Size 256.0 KB
      Current Block Size 1.1 MB
      Peak Allocated Bytes 1.1 MB
      Overflow Count 0
    [ALLOC_TEMP_BakingJobs.worker 2]
      Initial Block Size 256.0 KB
      Current Block Size 256.0 KB
      Peak Allocated Bytes 54 B
      Overflow Count 0
    [ALLOC_TEMP_Background Job.worker 5]
      Initial Block Size 32.0 KB
      Current Block Size 32.0 KB
      Peak Allocated Bytes 54 B
      Overflow Count 0
    [ALLOC_TEMP_Background Job.worker 11]
      Initial Block Size 32.0 KB
      Current Block Size 32.0 KB
      Peak Allocated Bytes 54 B
      Overflow Count 0
    [ALLOC_TEMP_EditorTaskManager]
      Initial Block Size 64.0 KB
      Current Block Size 68.0 KB
      Peak Allocated Bytes 64.0 KB
      Overflow Count 0
    [ALLOC_TEMP_Job.worker 5]
      Initial Block Size 256.0 KB
      Current Block Size 1.1 MB
      Peak Allocated Bytes 1.1 MB
      Overflow Count 0
    [ALLOC_TEMP_HTTP REST Server]
      Initial Block Size 64.0 KB
      Current Block Size 64.0 KB
      Peak Allocated Bytes 76 B
      Overflow Count 0
    [ALLOC_TEMP_AssetGarbageCollectorHelper] x 15
      Initial Block Size 64.0 KB
      Current Block Size 64.0 KB
      Peak Allocated Bytes 0 B
      Overflow Count 0
    [ALLOC_TEMP_Job.worker 8]
      Initial Block Size 256.0 KB
      Current Block Size 256.0 KB
      Peak Allocated Bytes 1.4 KB
      Overflow Count 1
    [ALLOC_TEMP_BakingJobs.worker 5]
      Initial Block Size 256.0 KB
      Current Block Size 256.0 KB
      Peak Allocated Bytes 54 B
      Overflow Count 0
    [ALLOC_TEMP_Job.worker 0]
      Initial Block Size 256.0 KB
      Current Block Size 256.0 KB
      Peak Allocated Bytes 1.5 KB
      Overflow Count 1
[ALLOC_MEMORYPROFILER]
  Requested Block Size 1.0 MB
  Peak Block count 1
  Peak Allocated memory 0.5 MB
  Peak Large allocation bytes 0 B
[ALLOC_DEFAULT] Dual Thread Allocator
  Peak main deferred allocation count 1297
    [ALLOC_BUCKET]
      Large Block size 32.0 MB
      Used Block count 1
      Peak Allocated bytes 10.2 MB
    [ALLOC_DEFAULT_MAIN]
      Requested Block Size 16.0 MB
      Peak Block count 5
      Peak Allocated memory 66.2 MB
      Peak Large allocation bytes 0 B
    [ALLOC_DEFAULT_THREAD]
      Requested Block Size 16.0 MB
      Peak Block count 1
      Peak Allocated memory 4.3 MB
      Peak Large allocation bytes 0 B
[ALLOC_TEMP_JOB_1_FRAME]
  Initial Block Size 2.0 MB
  Used Block Count 0
  Overflow Count (too large) 0
  Overflow Count (full) 0
[ALLOC_TEMP_JOB_2_FRAMES]
  Initial Block Size 2.0 MB
  Used Block Count 0
  Overflow Count (too large) 0
  Overflow Count (full) 0
[ALLOC_TEMP_JOB_4_FRAMES (JobTemp)]
  Initial Block Size 2.0 MB
  Used Block Count 1
  Overflow Count (too large) 0
  Overflow Count (full) 0
[ALLOC_TEMP_JOB_ASYNC (Background)]
  Initial Block Size 1.0 MB
  Used Block Count 1
  Overflow Count (too large) 0
  Overflow Count (full) 0
[ALLOC_GFX] Dual Thread Allocator
  Peak main deferred allocation count 0
    [ALLOC_BUCKET]
      Large Block size 32.0 MB
      Used Block count 1
      Peak Allocated bytes 10.2 MB
    [ALLOC_GFX_MAIN]
      Requested Block Size 16.0 MB
      Peak Block count 1
      Peak Allocated memory 5.9 MB
      Peak Large allocation bytes 0 B
    [ALLOC_GFX_THREAD]
      Requested Block Size 16.0 MB
      Peak Block count 0
      Peak Allocated memory 0 B
      Peak Large allocation bytes 0 B
[ALLOC_CACHEOBJECTS] Dual Thread Allocator
  Peak main deferred allocation count 113
    [ALLOC_BUCKET]
      Large Block size 32.0 MB
      Used Block count 1
      Peak Allocated bytes 10.2 MB
    [ALLOC_CACHEOBJECTS_MAIN]
      Requested Block Size 4.0 MB
      Peak Block count 11
      Peak Allocated memory 39.1 MB
      Peak Large allocation bytes 10.7 MB
    [ALLOC_CACHEOBJECTS_THREAD]
      Requested Block Size 4.0 MB
      Peak Block count 1
      Peak Allocated memory 32.2 KB
      Peak Large allocation bytes 0 B
[ALLOC_TYPETREE] Dual Thread Allocator
  Peak main deferred allocation count 497
    [ALLOC_BUCKET]
      Large Block size 32.0 MB
      Used Block count 1
      Peak Allocated bytes 10.2 MB
    [ALLOC_TYPETREE_MAIN]
      Requested Block Size 2.0 MB
      Peak Block count 9
      Peak Allocated memory 15.0 MB
      Peak Large allocation bytes 0 B
    [ALLOC_TYPETREE_THREAD]
      Requested Block Size 2.0 MB
      Peak Block count 1
      Peak Allocated memory 22.8 KB
      Peak Large allocation bytes 0 B
[ALLOC_PROFILER]
  Requested Block Size 16.0 MB
  Peak Block count 1
  Peak Allocated memory 417.6 KB
  Peak Large allocation bytes 0 B
    [ALLOC_PROFILER_BUCKET]
      Large Block size 32.0 MB
      Used Block count 1
      Peak Allocated bytes 4.1 KB
[ALLOC_PROFILER_EDITOR]
  Requested Block Size 1.0 MB
  Peak Block count 0
  Peak Allocated memory 0 B
  Peak Large allocation bytes 0 B
    [ALLOC_PROFILER_BUCKET]
      Large Block size 32.0 MB
      Used Block count 1
      Peak Allocated bytes 4.1 KB
##utp:{"type":"MemoryLeaks","version":2,"phase":"Immediate","time":1699275843539,"processId":348,"allocatedMemory":21256913,"memoryLabels":[{"Default":11775},{"Permanent":15559},{"NewDelete":81384},{"Thread":4229236},{"Manager":33009},{"VertexData":12},{"Geometry":560},{"Texture":176},{"Shader":67865},{"Material":24},{"GfxDevice":57040},{"Animation":296},{"Audio":3928},{"FontEngine":272},{"Physics":577},{"Serialization":756},{"Input":14736},{"JobScheduler":240},{"Mono":40},{"ScriptingNativeRuntime":7935072},{"BaseObject":1627212},{"Resource":1360},{"Renderer":2296},{"Transform":16},{"File":840},{"WebCam":96},{"Culling":40},{"Terrain":1137},{"Wind":24},{"STL":48},{"String":29473},{"DynamicArray":136589},{"HashMap":103042},{"Utility":293370},{"Curl":1424},{"PoolAlloc":1728},{"AI":40},{"TypeTree":4565},{"ScriptManager":640},{"RuntimeInitializeOnLoadManager":80},{"SpriteAtlas":128},{"GI":4008},{"Director":7960},{"CloudService":4224},{"WebRequest":688},{"VR":46017},{"SceneManager":608},{"Video":72},{"LazyScriptCache":40},{"NativeArray":12},{"Camera":25},{"Secure":1},{"SerializationCache":1584},{"APIUpdating":11872},{"Subsystems":392},{"VirtualTexturing":57896},{"StaticSafetyDebugInfo":327680},{"EditorGui":56},{"EditorUtility":15647},{"VersionControl":4},{"Undo":704},{"AssetDatabase":6073283},{"RestService":1414},{"EditorGi":376},{"License":3632},{"UnityConnect":25192},{"Collab":593},{"Upm":1728},{"DrivenProperties":96},{"LocalIPC":294},{"ProfilerEditor":10943},{"CoreBusinessMetrics":3087},{"AssetReference":40},{"IPCStream":40}]}
~StackAllocator(ALLOC_TEMP_MAIN) m_LastAlloc not NULL. Did you forget to call FreeAllStackAllocations()?
